<?xml version="1.0" encoding="UTF-8"?>
<testng-results ignored="0" total="7" passed="7" failed="0" skipped="0">
  <reporter-output>
  </reporter-output>
  <suite started-at="2026-07-21T10:18:08 IST" name="Surefire suite" finished-at="2026-07-21T10:19:41 IST" duration-ms="92325">
    <groups>
    </groups>
    <test started-at="2026-07-21T10:18:08 IST" name="Surefire test" finished-at="2026-07-21T10:19:41 IST" duration-ms="92325">
      <class name="com.Jenkins_CICD_DemoTest.Jenkins_CICD_Test">
        <test-method signature="ChromeBrowserTest()[pri:0, instance:com.Jenkins_CICD_DemoTest.Jenkins_CICD_Test@2cd2a21f]" started-at="2026-07-21T10:18:09 IST" name="ChromeBrowserTest" finished-at="2026-07-21T10:18:18 IST" duration-ms="9270" status="PASS">
          <reporter-output>
          </reporter-output>
        </test-method> <!-- ChromeBrowserTest -->
        <test-method is-config="true" signature="closeBrowser()[pri:0, instance:com.Jenkins_CICD_DemoTest.Jenkins_CICD_Test@2cd2a21f]" started-at="2026-07-21T10:18:18 IST" name="closeBrowser" finished-at="2026-07-21T10:18:18 IST" duration-ms="486" status="PASS">
          <reporter-output>
          </reporter-output>
        </test-method> <!-- closeBrowser -->
        <test-method signature="FirefoxBrowserTest()[pri:1, instance:com.Jenkins_CICD_DemoTest.Jenkins_CICD_Test@2cd2a21f]" started-at="2026-07-21T10:18:18 IST" name="FirefoxBrowserTest" finished-at="2026-07-21T10:18:35 IST" duration-ms="16324" status="PASS">
          <reporter-output>
          </reporter-output>
        </test-method> <!-- FirefoxBrowserTest -->
        <test-method is-config="true" signature="closeBrowser()[pri:0, instance:com.Jenkins_CICD_DemoTest.Jenkins_CICD_Test@2cd2a21f]" started-at="2026-07-21T10:18:35 IST" name="closeBrowser" finished-at="2026-07-21T10:18:36 IST" duration-ms="1512" status="PASS">
          <reporter-output>
          </reporter-output>
        </test-method> <!-- closeBrowser -->
        <test-method signature="EdgeBrowserTest()[pri:2, instance:com.Jenkins_CICD_DemoTest.Jenkins_CICD_Test@2cd2a21f]" started-at="2026-07-21T10:18:36 IST" name="EdgeBrowserTest" finished-at="2026-07-21T10:18:38 IST" duration-ms="1633" status="PASS">
          <reporter-output>
          </reporter-output>
        </test-method> <!-- EdgeBrowserTest -->
        <test-method is-config="true" signature="closeBrowser()[pri:0, instance:com.Jenkins_CICD_DemoTest.Jenkins_CICD_Test@2cd2a21f]" started-at="2026-07-21T10:18:38 IST" name="closeBrowser" finished-at="2026-07-21T10:18:39 IST" duration-ms="547" status="PASS">
          <reporter-output>
          </reporter-output>
        </test-method> <!-- closeBrowser -->
        <test-method signature="ChromeBrowserTitleValidation()[pri:3, instance:com.Jenkins_CICD_DemoTest.Jenkins_CICD_Test@2cd2a21f]" started-at="2026-07-21T10:18:39 IST" name="ChromeBrowserTitleValidation" finished-at="2026-07-21T10:18:46 IST" duration-ms="7891" status="PASS">
          <reporter-output>
          </reporter-output>
        </test-method> <!-- ChromeBrowserTitleValidation -->
        <test-method is-config="true" signature="closeBrowser()[pri:0, instance:com.Jenkins_CICD_DemoTest.Jenkins_CICD_Test@2cd2a21f]" started-at="2026-07-21T10:18:46 IST" name="closeBrowser" finished-at="2026-07-21T10:18:47 IST" duration-ms="405" status="PASS">
          <reporter-output>
          </reporter-output>
        </test-method> <!-- closeBrowser -->
        <test-method signature="FirefoxBrowserTitleValidation()[pri:4, instance:com.Jenkins_CICD_DemoTest.Jenkins_CICD_Test@2cd2a21f]" started-at="2026-07-21T10:18:47 IST" name="FirefoxBrowserTitleValidation" finished-at="2026-07-21T10:19:07 IST" duration-ms="19787" status="PASS">
          <reporter-output>
          </reporter-output>
        </test-method> <!-- FirefoxBrowserTitleValidation -->
        <test-method is-config="true" signature="closeBrowser()[pri:0, instance:com.Jenkins_CICD_DemoTest.Jenkins_CICD_Test@2cd2a21f]" started-at="2026-07-21T10:19:07 IST" name="closeBrowser" finished-at="2026-07-21T10:19:08 IST" duration-ms="1443" status="PASS">
          <reporter-output>
          </reporter-output>
        </test-method> <!-- closeBrowser -->
        <test-method signature="EdgeBrowserTitleValidation()[pri:5, instance:com.Jenkins_CICD_DemoTest.Jenkins_CICD_Test@2cd2a21f]" started-at="2026-07-21T10:19:08 IST" name="EdgeBrowserTitleValidation" finished-at="2026-07-21T10:19:18 IST" duration-ms="10114" status="PASS">
          <reporter-output>
          </reporter-output>
        </test-method> <!-- EdgeBrowserTitleValidation -->
        <test-method is-config="true" signature="closeBrowser()[pri:0, instance:com.Jenkins_CICD_DemoTest.Jenkins_CICD_Test@2cd2a21f]" started-at="2026-07-21T10:19:18 IST" name="closeBrowser" finished-at="2026-07-21T10:19:19 IST" duration-ms="467" status="PASS">
          <reporter-output>
          </reporter-output>
        </test-method> <!-- closeBrowser -->
        <test-method signature="PurchaseProduct()[pri:6, instance:com.Jenkins_CICD_DemoTest.Jenkins_CICD_Test@2cd2a21f]" started-at="2026-07-21T10:19:19 IST" name="PurchaseProduct" finished-at="2026-07-21T10:19:40 IST" duration-ms="21606" status="PASS">
          <reporter-output>
          </reporter-output>
        </test-method> <!-- PurchaseProduct -->
        <test-method is-config="true" signature="closeBrowser()[pri:0, instance:com.Jenkins_CICD_DemoTest.Jenkins_CICD_Test@2cd2a21f]" started-at="2026-07-21T10:19:40 IST" name="closeBrowser" finished-at="2026-07-21T10:19:41 IST" duration-ms="499" status="PASS">
          <reporter-output>
          </reporter-output>
        </test-method> <!-- closeBrowser -->
      </class> <!-- com.Jenkins_CICD_DemoTest.Jenkins_CICD_Test -->
    </test> <!-- Surefire test -->
  </suite> <!-- Surefire suite -->
</testng-results>
