<?xml version="1.0" encoding="UTF-8"?>
<!-- Generated by org.testng.reporters.JUnitReportReporter -->
<testsuite hostname="LAPTOP-DC2HBCCL" failures="0" tests="3" name="WebDriver.Commands.BrowserCommands" time="37.465" errors="0" timestamp="2026-07-14T16:30:36 IST" skipped="0">
  <testcase classname="WebDriver.Commands.BrowserCommands" name="ChromeBrowserTest" time="22.327"/>
  <testcase classname="WebDriver.Commands.BrowserCommands" name="EdgeBrowserTest" time="4.021"/>
  <testcase classname="WebDriver.Commands.BrowserCommands" name="FirefoxBrowserTest" time="11.117"/>
</testsuite> <!-- WebDriver.Commands.BrowserCommands -->
