<?xml version="1.0" encoding="UTF-8"?>
<testng-results ignored="0" total="1" passed="1" failed="0" skipped="0">
  <reporter-output>
  </reporter-output>
  <suite started-at="2026-07-23T21:33:24 IST" name="Default suite" finished-at="2026-07-23T21:33:26 IST" duration-ms="1491">
    <groups>
    </groups>
    <test started-at="2026-07-23T21:33:24 IST" name="Default test" finished-at="2026-07-23T21:33:26 IST" duration-ms="1491">
      <class name="com.JDBC.Connection.DatabaseTest">
        <test-method signature="establishDatabaseConnection()[pri:0, instance:com.JDBC.Connection.DatabaseTest@f68f0dc]" started-at="2026-07-23T21:33:24 IST" name="establishDatabaseConnection" finished-at="2026-07-23T21:33:25 IST" duration-ms="1202" status="PASS">
          <reporter-output>
          </reporter-output>
        </test-method> <!-- establishDatabaseConnection -->
      </class> <!-- com.JDBC.Connection.DatabaseTest -->
    </test> <!-- Default test -->
  </suite> <!-- Default suite -->
</testng-results>
