<?xml version="1.0" encoding="UTF-8"?>
<testng-results ignored="0" total="1" passed="1" failed="0" skipped="0">
  <reporter-output>
  </reporter-output>
  <suite started-at="2026-07-19T21:48:31 IST" name="Default suite" finished-at="2026-07-19T21:48:42 IST" duration-ms="10971">
    <groups>
    </groups>
    <test started-at="2026-07-19T21:48:31 IST" name="Default test" finished-at="2026-07-19T21:48:42 IST" duration-ms="10971">
      <class name="ScreenshotDemo.TakeScreenshot">
        <test-method signature="Browser()[pri:0, instance:ScreenshotDemo.TakeScreenshot@4218d6a3]" started-at="2026-07-19T21:48:31 IST" name="Browser" finished-at="2026-07-19T21:48:42 IST" duration-ms="10833" status="PASS">
          <reporter-output>
          </reporter-output>
        </test-method> <!-- Browser -->
      </class> <!-- ScreenshotDemo.TakeScreenshot -->
    </test> <!-- Default test -->
  </suite> <!-- Default suite -->
</testng-results>
