<?xml version="1.0" encoding="UTF-8"?>
<testng-results ignored="0" total="1" passed="1" failed="0" skipped="0">
  <reporter-output>
  </reporter-output>
  <suite started-at="2026-07-23T23:22:30 IST" name="Default suite" finished-at="2026-07-23T23:22:30 IST" duration-ms="126">
    <groups>
    </groups>
    <test started-at="2026-07-23T23:22:30 IST" name="Default test" finished-at="2026-07-23T23:22:30 IST" duration-ms="126">
      <class name="testCases.RegistrationCSV">
        <test-method signature="registerUser()[pri:0, instance:testCases.RegistrationCSV@3270d194]" started-at="2026-07-23T23:22:30 IST" name="registerUser" finished-at="2026-07-23T23:22:30 IST" duration-ms="37" status="PASS">
          <reporter-output>
          </reporter-output>
        </test-method> <!-- registerUser -->
      </class> <!-- testCases.RegistrationCSV -->
    </test> <!-- Default test -->
  </suite> <!-- Default suite -->
</testng-results>
