<?xml version="1.0" encoding="UTF-8"?>
<testng-results ignored="0" total="3" passed="3" failed="0" skipped="0">
  <reporter-output>
  </reporter-output>
  <suite started-at="2026-07-14T16:29:58 IST" name="Default suite" finished-at="2026-07-14T16:30:35 IST" duration-ms="37620">
    <groups>
    </groups>
    <test started-at="2026-07-14T16:29:58 IST" name="Default test" finished-at="2026-07-14T16:30:35 IST" duration-ms="37620">
      <class name="WebDriver.Commands.BrowserCommands">
        <test-method signature="ChromeBrowserTest()[pri:0, instance:WebDriver.Commands.BrowserCommands@6302bbb1]" started-at="2026-07-14T16:29:58 IST" name="ChromeBrowserTest" finished-at="2026-07-14T16:30:20 IST" duration-ms="22327" status="PASS">
          <reporter-output>
          </reporter-output>
        </test-method> <!-- ChromeBrowserTest -->
        <test-method signature="EdgeBrowserTest()[pri:1, instance:WebDriver.Commands.BrowserCommands@6302bbb1]" started-at="2026-07-14T16:30:20 IST" name="EdgeBrowserTest" finished-at="2026-07-14T16:30:24 IST" duration-ms="4021" status="PASS">
          <reporter-output>
          </reporter-output>
        </test-method> <!-- EdgeBrowserTest -->
        <test-method signature="FirefoxBrowserTest()[pri:2, instance:WebDriver.Commands.BrowserCommands@6302bbb1]" started-at="2026-07-14T16:30:24 IST" name="FirefoxBrowserTest" finished-at="2026-07-14T16:30:35 IST" duration-ms="11117" status="PASS">
          <reporter-output>
          </reporter-output>
        </test-method> <!-- FirefoxBrowserTest -->
      </class> <!-- WebDriver.Commands.BrowserCommands -->
    </test> <!-- Default test -->
  </suite> <!-- Default suite -->
</testng-results>
