<?xml version="1.0" encoding="UTF-8"?>
<!-- Generated by org.testng.reporters.JUnitReportReporter -->
<testsuite hostname="LAPTOP-DC2HBCCL" failures="0" tests="3" name="com.JenkinsCICD.BrowserCommands" time="36.470" errors="0" timestamp="2026-07-20T16:09:34 IST" skipped="0">
  <testcase classname="com.JenkinsCICD.BrowserCommands" name="ChromeBrowserTest" time="15.760"/>
  <testcase classname="com.JenkinsCICD.BrowserCommands" name="EdgeBrowserTest" time="4.204"/>
  <testcase classname="com.JenkinsCICD.BrowserCommands" name="FirefoxBrowserTest" time="16.506"/>
</testsuite> <!-- com.JenkinsCICD.BrowserCommands -->
