<?xml version="1.0" encoding="UTF-8"?>
<!-- Generated by org.testng.reporters.JUnitXMLReporter -->
<testsuite ignored="0" hostname="LAPTOP-DC2HBCCL" failures="0" tests="7" name="Surefire test" time="92.325" errors="0" timestamp="2026-07-21T10:19:41 IST">
  <testcase classname="com.Jenkins_CICD_DemoTest.Jenkins_CICD_Test" name="ChromeBrowserTest" time="9.27"/>
  <testcase classname="com.Jenkins_CICD_DemoTest.Jenkins_CICD_Test" name="FirefoxBrowserTest" time="16.324"/>
  <testcase classname="com.Jenkins_CICD_DemoTest.Jenkins_CICD_Test" name="EdgeBrowserTest" time="1.633"/>
  <testcase classname="com.Jenkins_CICD_DemoTest.Jenkins_CICD_Test" name="ChromeBrowserTitleValidation" time="7.891"/>
  <testcase classname="com.Jenkins_CICD_DemoTest.Jenkins_CICD_Test" name="FirefoxBrowserTitleValidation" time="19.787"/>
  <testcase classname="com.Jenkins_CICD_DemoTest.Jenkins_CICD_Test" name="EdgeBrowserTitleValidation" time="10.114"/>
  <testcase classname="com.Jenkins_CICD_DemoTest.Jenkins_CICD_Test" name="PurchaseProduct" time="21.606"/>
</testsuite> <!-- Surefire test -->
