<?xml version="1.0" encoding="UTF-8"?>
<!-- Generated by org.testng.reporters.JUnitXMLReporter -->
<testsuite ignored="0" hostname="LAPTOP-DC2HBCCL" failures="0" tests="3" name="Test" time="36.574" errors="0" timestamp="2026-07-20T16:09:34 IST">
  <testcase classname="com.JenkinsCICD.BrowserCommands" name="ChromeBrowserTest" time="15.76"/>
  <testcase classname="com.JenkinsCICD.BrowserCommands" name="EdgeBrowserTest" time="4.204"/>
  <testcase classname="com.JenkinsCICD.BrowserCommands" name="FirefoxBrowserTest" time="16.506"/>
</testsuite> <!-- Test -->
