<?xml version="1.0" encoding="UTF-8"?>
<testng-results ignored="0" total="1" passed="1" failed="0" skipped="0">
  <reporter-output>
  </reporter-output>
  <suite started-at="2026-07-16T14:13:03 IST" name="Default suite" finished-at="2026-07-16T14:14:06 IST" duration-ms="62698">
    <groups>
    </groups>
    <test started-at="2026-07-16T14:13:03 IST" name="Default test" finished-at="2026-07-16T14:14:06 IST" duration-ms="62698">
      <class name="com.seleniumLocators.PartialLinkTest">
        <test-method signature="PartialLinkLocator()[pri:0, instance:com.seleniumLocators.PartialLinkTest@459e9125]" started-at="2026-07-16T14:13:04 IST" name="PartialLinkLocator" finished-at="2026-07-16T14:14:06 IST" duration-ms="62437" status="PASS">
          <reporter-output>
          </reporter-output>
        </test-method> <!-- PartialLinkLocator -->
      </class> <!-- com.seleniumLocators.PartialLinkTest -->
    </test> <!-- Default test -->
  </suite> <!-- Default suite -->
</testng-results>
