<?xml version="1.0" encoding="UTF-8"?>
<testng-results ignored="0" total="3" passed="3" failed="0" skipped="0">
  <reporter-output>
  </reporter-output>
  <suite started-at="2026-07-20T16:08:57 IST" name="Suite" finished-at="2026-07-20T16:09:34 IST" duration-ms="36574">
    <groups>
    </groups>
    <test started-at="2026-07-20T16:08:57 IST" name="Test" finished-at="2026-07-20T16:09:34 IST" duration-ms="36574">
      <class name="com.JenkinsCICD.BrowserCommands">
        <test-method signature="ChromeBrowserTest()[pri:0, instance:com.JenkinsCICD.BrowserCommands@5c6648b0]" started-at="2026-07-20T16:08:57 IST" name="ChromeBrowserTest" finished-at="2026-07-20T16:09:13 IST" duration-ms="15760" status="PASS">
          <reporter-output>
          </reporter-output>
        </test-method> <!-- ChromeBrowserTest -->
        <test-method signature="EdgeBrowserTest()[pri:1, instance:com.JenkinsCICD.BrowserCommands@5c6648b0]" started-at="2026-07-20T16:09:13 IST" name="EdgeBrowserTest" finished-at="2026-07-20T16:09:17 IST" duration-ms="4204" status="PASS">
          <reporter-output>
          </reporter-output>
        </test-method> <!-- EdgeBrowserTest -->
        <test-method signature="FirefoxBrowserTest()[pri:2, instance:com.JenkinsCICD.BrowserCommands@5c6648b0]" started-at="2026-07-20T16:09:17 IST" name="FirefoxBrowserTest" finished-at="2026-07-20T16:09:34 IST" duration-ms="16506" status="PASS">
          <reporter-output>
          </reporter-output>
        </test-method> <!-- FirefoxBrowserTest -->
      </class> <!-- com.JenkinsCICD.BrowserCommands -->
    </test> <!-- Test -->
  </suite> <!-- Suite -->
</testng-results>
