<?xml version="1.0" encoding="UTF-8"?>
<testng-results ignored="0" total="1" passed="1" failed="0" skipped="0">
  <reporter-output>
  </reporter-output>
  <suite started-at="2026-07-23T20:18:53 IST" name="Default suite" finished-at="2026-07-23T20:19:40 IST" duration-ms="47259">
    <groups>
    </groups>
    <test started-at="2026-07-23T20:18:53 IST" name="Default test" finished-at="2026-07-23T20:19:40 IST" duration-ms="47259">
      <class name="csvfile.CSVFileReading">
        <test-method is-config="true" signature="setup()[pri:0, instance:csvfile.CSVFileReading@682b2fa]" started-at="2026-07-23T20:18:53 IST" name="setup" finished-at="2026-07-23T20:19:00 IST" duration-ms="7326" status="PASS">
          <reporter-output>
          </reporter-output>
        </test-method> <!-- setup -->
        <test-method signature="DDDTestingBlog()[pri:0, instance:csvfile.CSVFileReading@682b2fa]" started-at="2026-07-23T20:19:00 IST" name="DDDTestingBlog" finished-at="2026-07-23T20:19:39 IST" duration-ms="39381" status="PASS">
          <reporter-output>
          </reporter-output>
        </test-method> <!-- DDDTestingBlog -->
        <test-method is-config="true" signature="tearDown()[pri:0, instance:csvfile.CSVFileReading@682b2fa]" started-at="2026-07-23T20:19:39 IST" name="tearDown" finished-at="2026-07-23T20:19:40 IST" duration-ms="455" status="PASS">
          <reporter-output>
          </reporter-output>
        </test-method> <!-- tearDown -->
      </class> <!-- csvfile.CSVFileReading -->
    </test> <!-- Default test -->
  </suite> <!-- Default suite -->
</testng-results>
