<?xml version="1.0" encoding="UTF-8"?>
<!-- Generated by org.testng.reporters.JUnitReportReporter -->
<testsuite hostname="LAPTOP-DC2HBCCL" failures="0" tests="7" name="com.Jenkins_CICD_DemoTest.Jenkins_CICD_Test" time="91.984" errors="0" timestamp="2026-07-21T10:19:41 IST" skipped="0">
  <testcase classname="com.Jenkins_CICD_DemoTest.Jenkins_CICD_Test" name="ChromeBrowserTest" time="9.675"/>
  <testcase classname="com.Jenkins_CICD_DemoTest.Jenkins_CICD_Test" name="FirefoxBrowserTest" time="17.767"/>
  <testcase classname="com.Jenkins_CICD_DemoTest.Jenkins_CICD_Test" name="EdgeBrowserTest" time="2.119"/>
  <testcase classname="com.Jenkins_CICD_DemoTest.Jenkins_CICD_Test" name="ChromeBrowserTitleValidation" time="8.438"/>
  <testcase classname="com.Jenkins_CICD_DemoTest.Jenkins_CICD_Test" name="FirefoxBrowserTitleValidation" time="21.299"/>
  <testcase classname="com.Jenkins_CICD_DemoTest.Jenkins_CICD_Test" name="EdgeBrowserTitleValidation" time="10.581"/>
  <testcase classname="com.Jenkins_CICD_DemoTest.Jenkins_CICD_Test" name="PurchaseProduct" time="22.105"/>
</testsuite> <!-- com.Jenkins_CICD_DemoTest.Jenkins_CICD_Test -->
